<?xml version="1.0" encoding="UTF-8"?>
<testsuite xmlns:xsi="http://www.w3.org/2001/XMLSchema-instance" xsi:noNamespaceSchemaLocation="https://maven.apache.org/surefire/maven-surefire-plugin/xsd/surefire-test-report-3.0.xsd" version="3.0" name="com.systematicdata.fixmath.FixedPointDecimalTest" time="0.112" tests="6" errors="0" skipped="0" failures="0">
  <properties>
[...]
</properties>
  <testcase name="testAdd" classname="com.systematicdata.fixmath.FixedPointDecimalTest" time="0.045">
    <system-err><![CDATA[Nov 26, 2024 8:53:53 AM org.junit.platform.launcher.core.LauncherConfigurationParameters loadClasspathResource
WARNING: Discovered 2 'junit-platform.properties' configuration files in the classpath; only the first will be used.
Nov 26, 2024 8:53:53 AM org.junit.platform.launcher.core.LauncherConfigurationParameters loadClasspathResource
WARNING: Discovered 2 'junit-platform.properties' configuration files in the classpath; only the first will be used.
Nov 26, 2024 8:53:53 AM org.junit.platform.launcher.core.LauncherConfigurationParameters loadClasspathResource
WARNING: Discovered 2 'junit-platform.properties' configuration files in the classpath; only the first will be used.
]]></system-err>
  </testcase>
  <testcase name="testSubtract" classname="com.systematicdata.fixmath.FixedPointDecimalTest" time="0.003"/>
  <testcase name="testToString" classname="com.systematicdata.fixmath.FixedPointDecimalTest" time="0.006"/>
  <testcase name="testSerialize" classname="com.systematicdata.fixmath.FixedPointDecimalTest" time="0.002"/>
  <testcase name="testDivide" classname="com.systematicdata.fixmath.FixedPointDecimalTest" time="0.002"/>
  <testcase name="testMultiply" classname="com.systematicdata.fixmath.FixedPointDecimalTest" time="0.002"/>
</testsuite>